<?xml version="1.0" encoding="UTF-8"?>
<testsuite xmlns:xsi="http://www.w3.org/2001/XMLSchema-instance" xsi:noNamespaceSchemaLocation="https://maven.apache.org/surefire/maven-surefire-plugin/xsd/surefire-test-report.xsd" name="Test" time="0.003" tests="0" errors="0" skipped="0" failures="0">
  <properties>
    <property name="sun.desktop" value="windows"/>
    <property name="awt.toolkit" value="sun.awt.windows.WToolkit"/>
    <property name="file.encoding.pkg" value="sun.io"/>
    <property name="java.specification.version" value="1.8"/>
    <property name="sun.cpu.isalist" value="amd64"/>
    <property name="sun.jnu.encoding" value="GBK"/>
    <property name="java.class.path" value="E:\APPDownload\Java\xiangmu\Imitation B station\Project\imitation-bilibili\imitation-bilibili-service\target\test-classes;E:\APPDownload\Java\xiangmu\Imitation B station\Project\imitation-bilibili\imitation-bilibili-service\target\classes;E:\APPDownload\Java\xiangmu\Imitation B station\Project\imitation-bilibili\imitation-bilibili-dao\target\imitation-bilibili-dao-1.0-SNAPSHOT.jar;D:\APPDownloadmessage\Maven_Localrepository\org\springframework\boot\spring-boot-starter-web\2.5.1\spring-boot-starter-web-2.5.1.jar;D:\APPDownloadmessage\Maven_Localrepository\org\springframework\boot\spring-boot-starter\2.5.1\spring-boot-starter-2.5.1.jar;D:\APPDownloadmessage\Maven_Localrepository\org\springframework\boot\spring-boot-starter-logging\2.5.1\spring-boot-starter-logging-2.5.1.jar;D:\APPDownloadmessage\Maven_Localrepository\org\apache\logging\log4j\log4j-to-slf4j\2.14.1\log4j-to-slf4j-2.14.1.jar;D:\APPDownloadmessage\Maven_Localrepository\org\apache\logging\log4j\log4j-api\2.14.1\log4j-api-2.14.1.jar;D:\APPDownloadmessage\Maven_Localrepository\org\slf4j\jul-to-slf4j\1.7.30\jul-to-slf4j-1.7.30.jar;D:\APPDownloadmessage\Maven_Localrepository\jakarta\annotation\jakarta.annotation-api\1.3.5\jakarta.annotation-api-1.3.5.jar;D:\APPDownloadmessage\Maven_Localrepository\org\yaml\snakeyaml\1.28\snakeyaml-1.28.jar;D:\APPDownloadmessage\Maven_Localrepository\org\springframework\boot\spring-boot-starter-json\2.5.1\spring-boot-starter-json-2.5.1.jar;D:\APPDownloadmessage\Maven_Localrepository\com\fasterxml\jackson\datatype\jackson-datatype-jdk8\2.12.3\jackson-datatype-jdk8-2.12.3.jar;D:\APPDownloadmessage\Maven_Localrepository\com\fasterxml\jackson\datatype\jackson-datatype-jsr310\2.12.3\jackson-datatype-jsr310-2.12.3.jar;D:\APPDownloadmessage\Maven_Localrepository\com\fasterxml\jackson\module\jackson-module-parameter-names\2.12.3\jackson-module-parameter-names-2.12.3.jar;D:\APPDownloadmessage\Maven_Localrepository\org\springframework\boot\spring-boot-starter-tomcat\2.5.1\spring-boot-starter-tomcat-2.5.1.jar;D:\APPDownloadmessage\Maven_Localrepository\org\apache\tomcat\embed\tomcat-embed-core\9.0.46\tomcat-embed-core-9.0.46.jar;D:\APPDownloadmessage\Maven_Localrepository\org\apache\tomcat\embed\tomcat-embed-el\9.0.46\tomcat-embed-el-9.0.46.jar;D:\APPDownloadmessage\Maven_Localrepository\org\apache\tomcat\embed\tomcat-embed-websocket\9.0.46\tomcat-embed-websocket-9.0.46.jar;D:\APPDownloadmessage\Maven_Localrepository\org\springframework\spring-web\5.3.8\spring-web-5.3.8.jar;D:\APPDownloadmessage\Maven_Localrepository\org\springframework\spring-beans\5.3.8\spring-beans-5.3.8.jar;D:\APPDownloadmessage\Maven_Localrepository\org\springframework\spring-webmvc\5.3.8\spring-webmvc-5.3.8.jar;D:\APPDownloadmessage\Maven_Localrepository\org\springframework\spring-expression\5.3.8\spring-expression-5.3.8.jar;D:\APPDownloadmessage\Maven_Localrepository\mysql\mysql-connector-java\8.0.29\mysql-connector-java-8.0.29.jar;D:\APPDownloadmessage\Maven_Localrepository\org\mybatis\spring\boot\mybatis-spring-boot-starter\2.2.2\mybatis-spring-boot-starter-2.2.2.jar;D:\APPDownloadmessage\Maven_Localrepository\org\springframework\boot\spring-boot-starter-jdbc\2.5.1\spring-boot-starter-jdbc-2.5.1.jar;D:\APPDownloadmessage\Maven_Localrepository\com\zaxxer\HikariCP\4.0.3\HikariCP-4.0.3.jar;D:\APPDownloadmessage\Maven_Localrepository\org\springframework\spring-jdbc\5.3.8\spring-jdbc-5.3.8.jar;D:\APPDownloadmessage\Maven_Localrepository\org\mybatis\spring\boot\mybatis-spring-boot-autoconfigure\2.2.2\mybatis-spring-boot-autoconfigure-2.2.2.jar;D:\APPDownloadmessage\Maven_Localrepository\org\mybatis\mybatis\3.5.9\mybatis-3.5.9.jar;D:\APPDownloadmessage\Maven_Localrepository\org\mybatis\mybatis-spring\2.0.7\mybatis-spring-2.0.7.jar;D:\APPDownloadmessage\Maven_Localrepository\org\springframework\boot\spring-boot-devtools\2.5.1\spring-boot-devtools-2.5.1.jar;D:\APPDownloadmessage\Maven_Localrepository\org\springframework\boot\spring-boot\2.5.1\spring-boot-2.5.1.jar;D:\APPDownloadmessage\Maven_Localrepository\org\springframework\boot\spring-boot-autoconfigure\2.5.1\spring-boot-autoconfigure-2.5.1.jar;D:\APPDownloadmessage\Maven_Localrepository\commons-codec\commons-codec\1.14\commons-codec-1.14.jar;D:\APPDownloadmessage\Maven_Localrepository\org\projectlombok\lombok\1.18.10\lombok-1.18.10.jar;D:\APPDownloadmessage\Maven_Localrepository\com\alibaba\fastjson\1.2.78\fastjson-1.2.78.jar;D:\APPDownloadmessage\Maven_Localrepository\com\auth0\java-jwt\3.18.2\java-jwt-3.18.2.jar;D:\APPDownloadmessage\Maven_Localrepository\com\fasterxml\jackson\core\jackson-databind\2.12.3\jackson-databind-2.12.3.jar;D:\APPDownloadmessage\Maven_Localrepository\com\fasterxml\jackson\core\jackson-annotations\2.12.3\jackson-annotations-2.12.3.jar;D:\APPDownloadmessage\Maven_Localrepository\org\apache\rocketmq\rocketmq-client\4.9.4\rocketmq-client-4.9.4.jar;D:\APPDownloadmessage\Maven_Localrepository\org\apache\rocketmq\rocketmq-common\4.9.4\rocketmq-common-4.9.4.jar;D:\APPDownloadmessage\Maven_Localrepository\org\apache\rocketmq\rocketmq-remoting\4.9.4\rocketmq-remoting-4.9.4.jar;D:\APPDownloadmessage\Maven_Localrepository\io\netty\netty-all\4.1.65.Final\netty-all-4.1.65.Final.jar;D:\APPDownloadmessage\Maven_Localrepository\org\apache\rocketmq\rocketmq-logging\4.9.4\rocketmq-logging-4.9.4.jar;D:\APPDownloadmessage\Maven_Localrepository\commons-validator\commons-validator\1.7\commons-validator-1.7.jar;D:\APPDownloadmessage\Maven_Localrepository\commons-digester\commons-digester\2.1\commons-digester-2.1.jar;D:\APPDownloadmessage\Maven_Localrepository\commons-logging\commons-logging\1.2\commons-logging-1.2.jar;D:\APPDownloadmessage\Maven_Localrepository\com\github\luben\zstd-jni\1.5.2-2\zstd-jni-1.5.2-2.jar;D:\APPDownloadmessage\Maven_Localrepository\org\lz4\lz4-java\1.8.0\lz4-java-1.8.0.jar;D:\APPDownloadmessage\Maven_Localrepository\org\apache\commons\commons-lang3\3.12.0\commons-lang3-3.12.0.jar;D:\APPDownloadmessage\Maven_Localrepository\org\springframework\boot\spring-boot-starter-data-redis\2.2.2.RELEASE\spring-boot-starter-data-redis-2.2.2.RELEASE.jar;D:\APPDownloadmessage\Maven_Localrepository\org\springframework\data\spring-data-redis\2.5.1\spring-data-redis-2.5.1.jar;D:\APPDownloadmessage\Maven_Localrepository\org\springframework\data\spring-data-keyvalue\2.5.1\spring-data-keyvalue-2.5.1.jar;D:\APPDownloadmessage\Maven_Localrepository\org\springframework\spring-tx\5.3.8\spring-tx-5.3.8.jar;D:\APPDownloadmessage\Maven_Localrepository\org\springframework\spring-oxm\5.3.8\spring-oxm-5.3.8.jar;D:\APPDownloadmessage\Maven_Localrepository\org\springframework\spring-context-support\5.3.8\spring-context-support-5.3.8.jar;D:\APPDownloadmessage\Maven_Localrepository\io\lettuce\lettuce-core\6.1.2.RELEASE\lettuce-core-6.1.2.RELEASE.jar;D:\APPDownloadmessage\Maven_Localrepository\io\netty\netty-common\4.1.65.Final\netty-common-4.1.65.Final.jar;D:\APPDownloadmessage\Maven_Localrepository\io\netty\netty-handler\4.1.65.Final\netty-handler-4.1.65.Final.jar;D:\APPDownloadmessage\Maven_Localrepository\io\netty\netty-resolver\4.1.65.Final\netty-resolver-4.1.65.Final.jar;D:\APPDownloadmessage\Maven_Localrepository\io\netty\netty-buffer\4.1.65.Final\netty-buffer-4.1.65.Final.jar;D:\APPDownloadmessage\Maven_Localrepository\io\netty\netty-codec\4.1.65.Final\netty-codec-4.1.65.Final.jar;D:\APPDownloadmessage\Maven_Localrepository\io\netty\netty-transport\4.1.65.Final\netty-transport-4.1.65.Final.jar;D:\APPDownloadmessage\Maven_Localrepository\io\projectreactor\reactor-core\3.4.6\reactor-core-3.4.6.jar;D:\APPDownloadmessage\Maven_Localrepository\org\springframework\boot\spring-boot-starter-aop\2.5.1\spring-boot-starter-aop-2.5.1.jar;D:\APPDownloadmessage\Maven_Localrepository\org\springframework\spring-aop\5.3.8\spring-aop-5.3.8.jar;D:\APPDownloadmessage\Maven_Localrepository\org\aspectj\aspectjweaver\1.9.6\aspectjweaver-1.9.6.jar;D:\APPDownloadmessage\Maven_Localrepository\com\github\tobato\fastdfs-client\1.27.2\fastdfs-client-1.27.2.jar;D:\APPDownloadmessage\Maven_Localrepository\org\slf4j\slf4j-api\1.7.30\slf4j-api-1.7.30.jar;D:\APPDownloadmessage\Maven_Localrepository\org\slf4j\jcl-over-slf4j\1.7.30\jcl-over-slf4j-1.7.30.jar;D:\APPDownloadmessage\Maven_Localrepository\ch\qos\logback\logback-classic\1.2.3\logback-classic-1.2.3.jar;D:\APPDownloadmessage\Maven_Localrepository\ch\qos\logback\logback-core\1.2.3\logback-core-1.2.3.jar;D:\APPDownloadmessage\Maven_Localrepository\commons-beanutils\commons-beanutils\1.9.3\commons-beanutils-1.9.3.jar;D:\APPDownloadmessage\Maven_Localrepository\commons-collections\commons-collections\3.2.2\commons-collections-3.2.2.jar;D:\APPDownloadmessage\Maven_Localrepository\commons-io\commons-io\2.4\commons-io-2.4.jar;D:\APPDownloadmessage\Maven_Localrepository\org\apache\commons\commons-pool2\2.9.0\commons-pool2-2.9.0.jar;D:\APPDownloadmessage\Maven_Localrepository\org\springframework\spring-core\5.3.8\spring-core-5.3.8.jar;D:\APPDownloadmessage\Maven_Localrepository\org\springframework\spring-jcl\5.3.8\spring-jcl-5.3.8.jar;D:\APPDownloadmessage\Maven_Localrepository\org\hibernate\validator\hibernate-validator\6.2.0.Final\hibernate-validator-6.2.0.Final.jar;D:\APPDownloadmessage\Maven_Localrepository\jakarta\validation\jakarta.validation-api\2.0.2\jakarta.validation-api-2.0.2.jar;D:\APPDownloadmessage\Maven_Localrepository\org\jboss\logging\jboss-logging\3.4.2.Final\jboss-logging-3.4.2.Final.jar;D:\APPDownloadmessage\Maven_Localrepository\com\fasterxml\classmate\1.5.1\classmate-1.5.1.jar;D:\APPDownloadmessage\Maven_Localrepository\org\springframework\spring-context\5.3.8\spring-context-5.3.8.jar;D:\APPDownloadmessage\Maven_Localrepository\net\coobird\thumbnailator\0.4.8\thumbnailator-0.4.8.jar;D:\APPDownloadmessage\Maven_Localrepository\org\springframework\boot\spring-boot-starter-websocket\2.5.1\spring-boot-starter-websocket-2.5.1.jar;D:\APPDownloadmessage\Maven_Localrepository\org\springframework\spring-messaging\5.3.8\spring-messaging-5.3.8.jar;D:\APPDownloadmessage\Maven_Localrepository\org\springframework\spring-websocket\5.3.8\spring-websocket-5.3.8.jar;D:\APPDownloadmessage\Maven_Localrepository\org\springframework\boot\spring-boot-starter-data-elasticsearch\2.5.1\spring-boot-starter-data-elasticsearch-2.5.1.jar;D:\APPDownloadmessage\Maven_Localrepository\org\springframework\data\spring-data-elasticsearch\4.2.1\spring-data-elasticsearch-4.2.1.jar;D:\APPDownloadmessage\Maven_Localrepository\org\springframework\data\spring-data-commons\2.5.1\spring-data-commons-2.5.1.jar;D:\APPDownloadmessage\Maven_Localrepository\org\elasticsearch\plugin\transport-netty4-client\7.12.1\transport-netty4-client-7.12.1.jar;D:\APPDownloadmessage\Maven_Localrepository\io\netty\netty-codec-http\4.1.65.Final\netty-codec-http-4.1.65.Final.jar;D:\APPDownloadmessage\Maven_Localrepository\org\elasticsearch\client\elasticsearch-rest-high-level-client\7.12.1\elasticsearch-rest-high-level-client-7.12.1.jar;D:\APPDownloadmessage\Maven_Localrepository\org\elasticsearch\elasticsearch\7.12.1\elasticsearch-7.12.1.jar;D:\APPDownloadmessage\Maven_Localrepository\org\elasticsearch\elasticsearch-core\7.12.1\elasticsearch-core-7.12.1.jar;D:\APPDownloadmessage\Maven_Localrepository\org\elasticsearch\elasticsearch-secure-sm\7.12.1\elasticsearch-secure-sm-7.12.1.jar;D:\APPDownloadmessage\Maven_Localrepository\org\elasticsearch\elasticsearch-x-content\7.12.1\elasticsearch-x-content-7.12.1.jar;D:\APPDownloadmessage\Maven_Localrepository\com\fasterxml\jackson\dataformat\jackson-dataformat-smile\2.12.3\jackson-dataformat-smile-2.12.3.jar;D:\APPDownloadmessage\Maven_Localrepository\com\fasterxml\jackson\dataformat\jackson-dataformat-yaml\2.12.3\jackson-dataformat-yaml-2.12.3.jar;D:\APPDownloadmessage\Maven_Localrepository\com\fasterxml\jackson\dataformat\jackson-dataformat-cbor\2.12.3\jackson-dataformat-cbor-2.12.3.jar;D:\APPDownloadmessage\Maven_Localrepository\org\elasticsearch\elasticsearch-geo\7.12.1\elasticsearch-geo-7.12.1.jar;D:\APPDownloadmessage\Maven_Localrepository\org\apache\lucene\lucene-core\8.8.0\lucene-core-8.8.0.jar;D:\APPDownloadmessage\Maven_Localrepository\org\apache\lucene\lucene-analyzers-common\8.8.0\lucene-analyzers-common-8.8.0.jar;D:\APPDownloadmessage\Maven_Localrepository\org\apache\lucene\lucene-backward-codecs\8.8.0\lucene-backward-codecs-8.8.0.jar;D:\APPDownloadmessage\Maven_Localrepository\org\apache\lucene\lucene-grouping\8.8.0\lucene-grouping-8.8.0.jar;D:\APPDownloadmessage\Maven_Localrepository\org\apache\lucene\lucene-highlighter\8.8.0\lucene-highlighter-8.8.0.jar;D:\APPDownloadmessage\Maven_Localrepository\org\apache\lucene\lucene-join\8.8.0\lucene-join-8.8.0.jar;D:\APPDownloadmessage\Maven_Localrepository\org\apache\lucene\lucene-memory\8.8.0\lucene-memory-8.8.0.jar;D:\APPDownloadmessage\Maven_Localrepository\org\apache\lucene\lucene-misc\8.8.0\lucene-misc-8.8.0.jar;D:\APPDownloadmessage\Maven_Localrepository\org\apache\lucene\lucene-queries\8.8.0\lucene-queries-8.8.0.jar;D:\APPDownloadmessage\Maven_Localrepository\org\apache\lucene\lucene-queryparser\8.8.0\lucene-queryparser-8.8.0.jar;D:\APPDownloadmessage\Maven_Localrepository\org\apache\lucene\lucene-sandbox\8.8.0\lucene-sandbox-8.8.0.jar;D:\APPDownloadmessage\Maven_Localrepository\org\apache\lucene\lucene-spatial-extras\8.8.0\lucene-spatial-extras-8.8.0.jar;D:\APPDownloadmessage\Maven_Localrepository\org\apache\lucene\lucene-spatial3d\8.8.0\lucene-spatial3d-8.8.0.jar;D:\APPDownloadmessage\Maven_Localrepository\org\apache\lucene\lucene-suggest\8.8.0\lucene-suggest-8.8.0.jar;D:\APPDownloadmessage\Maven_Localrepository\org\elasticsearch\elasticsearch-cli\7.12.1\elasticsearch-cli-7.12.1.jar;D:\APPDownloadmessage\Maven_Localrepository\net\sf\jopt-simple\jopt-simple\5.0.2\jopt-simple-5.0.2.jar;D:\APPDownloadmessage\Maven_Localrepository\com\carrotsearch\hppc\0.8.1\hppc-0.8.1.jar;D:\APPDownloadmessage\Maven_Localrepository\joda-time\joda-time\2.10.4\joda-time-2.10.4.jar;D:\APPDownloadmessage\Maven_Localrepository\org\elasticsearch\jna\5.7.0-1\jna-5.7.0-1.jar;D:\APPDownloadmessage\Maven_Localrepository\org\elasticsearch\elasticsearch-plugin-classloader\7.12.1\elasticsearch-plugin-classloader-7.12.1.jar;D:\APPDownloadmessage\Maven_Localrepository\org\elasticsearch\client\elasticsearch-rest-client\7.12.1\elasticsearch-rest-client-7.12.1.jar;D:\APPDownloadmessage\Maven_Localrepository\org\apache\httpcomponents\httpasyncclient\4.1.4\httpasyncclient-4.1.4.jar;D:\APPDownloadmessage\Maven_Localrepository\org\apache\httpcomponents\httpcore-nio\4.4.14\httpcore-nio-4.4.14.jar;D:\APPDownloadmessage\Maven_Localrepository\org\elasticsearch\plugin\mapper-extras-client\7.12.1\mapper-extras-client-7.12.1.jar;D:\APPDownloadmessage\Maven_Localrepository\org\elasticsearch\plugin\parent-join-client\7.12.1\parent-join-client-7.12.1.jar;D:\APPDownloadmessage\Maven_Localrepository\org\elasticsearch\plugin\aggs-matrix-stats-client\7.12.1\aggs-matrix-stats-client-7.12.1.jar;D:\APPDownloadmessage\Maven_Localrepository\org\elasticsearch\plugin\rank-eval-client\7.12.1\rank-eval-client-7.12.1.jar;D:\APPDownloadmessage\Maven_Localrepository\org\elasticsearch\plugin\lang-mustache-client\7.12.1\lang-mustache-client-7.12.1.jar;D:\APPDownloadmessage\Maven_Localrepository\com\github\spullara\mustache\java\compiler\0.9.6\compiler-0.9.6.jar;D:\APPDownloadmessage\Maven_Localrepository\eu\bitwalker\UserAgentUtils\1.21\UserAgentUtils-1.21.jar;D:\APPDownloadmessage\Maven_Localrepository\org\apache\mahout\mahout-mr\0.12.2\mahout-mr-0.12.2.jar;D:\APPDownloadmessage\Maven_Localrepository\org\apache\mahout\mahout-math\0.12.2\mahout-math-0.12.2.jar;D:\APPDownloadmessage\Maven_Localrepository\it\unimi\dsi\fastutil\7.0.12\fastutil-7.0.12.jar;D:\APPDownloadmessage\Maven_Localrepository\com\tdunning\t-digest\3.1\t-digest-3.1.jar;D:\APPDownloadmessage\Maven_Localrepository\org\apache\mahout\mahout-hdfs\0.12.2\mahout-hdfs-0.12.2.jar;D:\APPDownloadmessage\Maven_Localrepository\com\google\guava\guava\11.0.2\guava-11.0.2.jar;D:\APPDownloadmessage\Maven_Localrepository\com\google\code\findbugs\jsr305\1.3.9\jsr305-1.3.9.jar;D:\APPDownloadmessage\Maven_Localrepository\org\apache\hadoop\hadoop-client\2.4.1\hadoop-client-2.4.1.jar;D:\APPDownloadmessage\Maven_Localrepository\org\apache\hadoop\hadoop-common\2.4.1\hadoop-common-2.4.1.jar;D:\APPDownloadmessage\Maven_Localrepository\commons-httpclient\commons-httpclient\3.1\commons-httpclient-3.1.jar;D:\APPDownloadmessage\Maven_Localrepository\commons-net\commons-net\3.1\commons-net-3.1.jar;D:\APPDownloadmessage\Maven_Localrepository\commons-lang\commons-lang\2.6\commons-lang-2.6.jar;D:\APPDownloadmessage\Maven_Localrepository\org\codehaus\jackson\jackson-core-asl\1.8.8\jackson-core-asl-1.8.8.jar;D:\APPDownloadmessage\Maven_Localrepository\org\codehaus\jackson\jackson-mapper-asl\1.8.8\jackson-mapper-asl-1.8.8.jar;D:\APPDownloadmessage\Maven_Localrepository\org\apache\avro\avro\1.7.4\avro-1.7.4.jar;D:\APPDownloadmessage\Maven_Localrepository\com\thoughtworks\paranamer\paranamer\2.3\paranamer-2.3.jar;D:\APPDownloadmessage\Maven_Localrepository\org\xerial\snappy\snappy-java\1.0.4.1\snappy-java-1.0.4.1.jar;D:\APPDownloadmessage\Maven_Localrepository\com\google\protobuf\protobuf-java\2.5.0\protobuf-java-2.5.0.jar;D:\APPDownloadmessage\Maven_Localrepository\org\apache\hadoop\hadoop-auth\2.4.1\hadoop-auth-2.4.1.jar;D:\APPDownloadmessage\Maven_Localrepository\org\apache\zookeeper\zookeeper\3.4.5\zookeeper-3.4.5.jar;D:\APPDownloadmessage\Maven_Localrepository\org\apache\commons\commons-compress\1.4.1\commons-compress-1.4.1.jar;D:\APPDownloadmessage\Maven_Localrepository\org\tukaani\xz\1.0\xz-1.0.jar;D:\APPDownloadmessage\Maven_Localrepository\org\apache\hadoop\hadoop-hdfs\2.4.1\hadoop-hdfs-2.4.1.jar;D:\APPDownloadmessage\Maven_Localrepository\org\apache\hadoop\hadoop-mapreduce-client-app\2.4.1\hadoop-mapreduce-client-app-2.4.1.jar;D:\APPDownloadmessage\Maven_Localrepository\org\apache\hadoop\hadoop-mapreduce-client-common\2.4.1\hadoop-mapreduce-client-common-2.4.1.jar;D:\APPDownloadmessage\Maven_Localrepository\org\apache\hadoop\hadoop-yarn-client\2.4.1\hadoop-yarn-client-2.4.1.jar;D:\APPDownloadmessage\Maven_Localrepository\org\apache\hadoop\hadoop-yarn-server-common\2.4.1\hadoop-yarn-server-common-2.4.1.jar;D:\APPDownloadmessage\Maven_Localrepository\org\apache\hadoop\hadoop-mapreduce-client-shuffle\2.4.1\hadoop-mapreduce-client-shuffle-2.4.1.jar;D:\APPDownloadmessage\Maven_Localrepository\org\apache\hadoop\hadoop-yarn-api\2.4.1\hadoop-yarn-api-2.4.1.jar;D:\APPDownloadmessage\Maven_Localrepository\org\apache\hadoop\hadoop-mapreduce-client-core\2.4.1\hadoop-mapreduce-client-core-2.4.1.jar;D:\APPDownloadmessage\Maven_Localrepository\org\apache\hadoop\hadoop-yarn-common\2.4.1\hadoop-yarn-common-2.4.1.jar;D:\APPDownloadmessage\Maven_Localrepository\javax\xml\bind\jaxb-api\2.3.1\jaxb-api-2.3.1.jar;D:\APPDownloadmessage\Maven_Localrepository\javax\activation\javax.activation-api\1.2.0\javax.activation-api-1.2.0.jar;D:\APPDownloadmessage\Maven_Localrepository\javax\servlet\servlet-api\2.5\servlet-api-2.5.jar;D:\APPDownloadmessage\Maven_Localrepository\org\apache\hadoop\hadoop-mapreduce-client-jobclient\2.4.1\hadoop-mapreduce-client-jobclient-2.4.1.jar;D:\APPDownloadmessage\Maven_Localrepository\org\apache\hadoop\hadoop-annotations\2.4.1\hadoop-annotations-2.4.1.jar;D:\APPDownloadmessage\Maven_Localrepository\com\fasterxml\jackson\core\jackson-core\2.12.3\jackson-core-2.12.3.jar;D:\APPDownloadmessage\Maven_Localrepository\commons-cli\commons-cli\1.2\commons-cli-1.2.jar;D:\APPDownloadmessage\Maven_Localrepository\com\thoughtworks\xstream\xstream\1.4.4\xstream-1.4.4.jar;D:\APPDownloadmessage\Maven_Localrepository\xmlpull\xmlpull\1.1.3.1\xmlpull-1.1.3.1.jar;D:\APPDownloadmessage\Maven_Localrepository\xpp3\xpp3_min\1.1.4c\xpp3_min-1.1.4c.jar;D:\APPDownloadmessage\Maven_Localrepository\org\apache\mahout\commons\commons-cli\2.0-mahout\commons-cli-2.0-mahout.jar;D:\APPDownloadmessage\Maven_Localrepository\org\apache\commons\commons-math3\3.2\commons-math3-3.2.jar;D:\APPDownloadmessage\Maven_Localrepository\org\apache\solr\solr-commons-csv\3.5.0\solr-commons-csv-3.5.0.jar;D:\APPDownloadmessage\Maven_Localrepository\org\bytedeco\javacv\1.4.3\javacv-1.4.3.jar;D:\APPDownloadmessage\Maven_Localrepository\org\bytedeco\javacpp\1.4.3\javacpp-1.4.3.jar;D:\APPDownloadmessage\Maven_Localrepository\org\bytedeco\javacpp-presets\opencv\3.4.3-1.4.3\opencv-3.4.3-1.4.3.jar;D:\APPDownloadmessage\Maven_Localrepository\org\bytedeco\javacpp-presets\ffmpeg\4.0.2-1.4.3\ffmpeg-4.0.2-1.4.3.jar;D:\APPDownloadmessage\Maven_Localrepository\org\bytedeco\javacpp-presets\flycapture\2.11.3.121-1.4.3\flycapture-2.11.3.121-1.4.3.jar;D:\APPDownloadmessage\Maven_Localrepository\org\bytedeco\javacpp-presets\libdc1394\2.2.5-1.4.3\libdc1394-2.2.5-1.4.3.jar;D:\APPDownloadmessage\Maven_Localrepository\org\bytedeco\javacpp-presets\libfreenect\0.5.3-1.4.3\libfreenect-0.5.3-1.4.3.jar;D:\APPDownloadmessage\Maven_Localrepository\org\bytedeco\javacpp-presets\libfreenect2\0.2.0-1.4.3\libfreenect2-0.2.0-1.4.3.jar;D:\APPDownloadmessage\Maven_Localrepository\org\bytedeco\javacpp-presets\librealsense\1.12.1-1.4.3\librealsense-1.12.1-1.4.3.jar;D:\APPDownloadmessage\Maven_Localrepository\org\bytedeco\javacpp-presets\videoinput\0.200-1.4.3\videoinput-0.200-1.4.3.jar;D:\APPDownloadmessage\Maven_Localrepository\org\bytedeco\javacpp-presets\artoolkitplus\2.3.1-1.4.3\artoolkitplus-2.3.1-1.4.3.jar;D:\APPDownloadmessage\Maven_Localrepository\org\bytedeco\javacpp-presets\flandmark\1.07-1.4.3\flandmark-1.07-1.4.3.jar;D:\APPDownloadmessage\Maven_Localrepository\org\bytedeco\javacpp-presets\leptonica\1.76.0-1.4.3\leptonica-1.76.0-1.4.3.jar;D:\APPDownloadmessage\Maven_Localrepository\org\bytedeco\javacpp-presets\tesseract\4.0.0-rc2-1.4.3\tesseract-4.0.0-rc2-1.4.3.jar;D:\APPDownloadmessage\Maven_Localrepository\org\bytedeco\javacpp-presets\ffmpeg-platform\4.0.2-1.4.3\ffmpeg-platform-4.0.2-1.4.3.jar;D:\APPDownloadmessage\Maven_Localrepository\org\bytedeco\javacpp-presets\ffmpeg\4.0.2-1.4.3\ffmpeg-4.0.2-1.4.3-android-arm.jar;D:\APPDownloadmessage\Maven_Localrepository\org\bytedeco\javacpp-presets\ffmpeg\4.0.2-1.4.3\ffmpeg-4.0.2-1.4.3-android-arm64.jar;D:\APPDownloadmessage\Maven_Localrepository\org\bytedeco\javacpp-presets\ffmpeg\4.0.2-1.4.3\ffmpeg-4.0.2-1.4.3-android-x86.jar;D:\APPDownloadmessage\Maven_Localrepository\org\bytedeco\javacpp-presets\ffmpeg\4.0.2-1.4.3\ffmpeg-4.0.2-1.4.3-android-x86_64.jar;D:\APPDownloadmessage\Maven_Localrepository\org\bytedeco\javacpp-presets\ffmpeg\4.0.2-1.4.3\ffmpeg-4.0.2-1.4.3-linux-x86.jar;D:\APPDownloadmessage\Maven_Localrepository\org\bytedeco\javacpp-presets\ffmpeg\4.0.2-1.4.3\ffmpeg-4.0.2-1.4.3-linux-x86_64.jar;D:\APPDownloadmessage\Maven_Localrepository\org\bytedeco\javacpp-presets\ffmpeg\4.0.2-1.4.3\ffmpeg-4.0.2-1.4.3-linux-armhf.jar;D:\APPDownloadmessage\Maven_Localrepository\org\bytedeco\javacpp-presets\ffmpeg\4.0.2-1.4.3\ffmpeg-4.0.2-1.4.3-linux-ppc64le.jar;D:\APPDownloadmessage\Maven_Localrepository\org\bytedeco\javacpp-presets\ffmpeg\4.0.2-1.4.3\ffmpeg-4.0.2-1.4.3-macosx-x86_64.jar;D:\APPDownloadmessage\Maven_Localrepository\org\bytedeco\javacpp-presets\ffmpeg\4.0.2-1.4.3\ffmpeg-4.0.2-1.4.3-windows-x86.jar;D:\APPDownloadmessage\Maven_Localrepository\org\bytedeco\javacpp-presets\ffmpeg\4.0.2-1.4.3\ffmpeg-4.0.2-1.4.3-windows-x86_64.jar;D:\APPDownloadmessage\Maven_Localrepository\org\springframework\cloud\spring-cloud-starter-netflix-eureka-client\3.0.5\spring-cloud-starter-netflix-eureka-client-3.0.5.jar;D:\APPDownloadmessage\Maven_Localrepository\org\springframework\cloud\spring-cloud-starter\3.0.5\spring-cloud-starter-3.0.5.jar;D:\APPDownloadmessage\Maven_Localrepository\org\springframework\cloud\spring-cloud-context\3.0.5\spring-cloud-context-3.0.5.jar;D:\APPDownloadmessage\Maven_Localrepository\org\springframework\security\spring-security-rsa\1.0.10.RELEASE\spring-security-rsa-1.0.10.RELEASE.jar;D:\APPDownloadmessage\Maven_Localrepository\org\bouncycastle\bcpkix-jdk15on\1.68\bcpkix-jdk15on-1.68.jar;D:\APPDownloadmessage\Maven_Localrepository\org\bouncycastle\bcprov-jdk15on\1.68\bcprov-jdk15on-1.68.jar;D:\APPDownloadmessage\Maven_Localrepository\org\springframework\cloud\spring-cloud-netflix-eureka-client\3.0.5\spring-cloud-netflix-eureka-client-3.0.5.jar;D:\APPDownloadmessage\Maven_Localrepository\com\netflix\eureka\eureka-client\1.10.17\eureka-client-1.10.17.jar;D:\APPDownloadmessage\Maven_Localrepository\com\netflix\netflix-commons\netflix-eventbus\0.3.0\netflix-eventbus-0.3.0.jar;D:\APPDownloadmessage\Maven_Localrepository\com\netflix\netflix-commons\netflix-infix\0.3.0\netflix-infix-0.3.0.jar;D:\APPDownloadmessage\Maven_Localrepository\commons-jxpath\commons-jxpath\1.3\commons-jxpath-1.3.jar;D:\APPDownloadmessage\Maven_Localrepository\org\antlr\antlr-runtime\3.4\antlr-runtime-3.4.jar;D:\APPDownloadmessage\Maven_Localrepository\org\antlr\stringtemplate\3.2.1\stringtemplate-3.2.1.jar;D:\APPDownloadmessage\Maven_Localrepository\antlr\antlr\2.7.7\antlr-2.7.7.jar;D:\APPDownloadmessage\Maven_Localrepository\com\google\code\gson\gson\2.8.7\gson-2.8.7.jar;D:\APPDownloadmessage\Maven_Localrepository\org\apache\commons\commons-math\2.2\commons-math-2.2.jar;D:\APPDownloadmessage\Maven_Localrepository\javax\ws\rs\jsr311-api\1.1.1\jsr311-api-1.1.1.jar;D:\APPDownloadmessage\Maven_Localrepository\com\netflix\servo\servo-core\0.12.21\servo-core-0.12.21.jar;D:\APPDownloadmessage\Maven_Localrepository\org\apache\httpcomponents\httpclient\4.5.13\httpclient-4.5.13.jar;D:\APPDownloadmessage\Maven_Localrepository\org\apache\httpcomponents\httpcore\4.4.14\httpcore-4.4.14.jar;D:\APPDownloadmessage\Maven_Localrepository\commons-configuration\commons-configuration\1.10\commons-configuration-1.10.jar;D:\APPDownloadmessage\Maven_Localrepository\com\google\inject\guice\4.1.0\guice-4.1.0.jar;D:\APPDownloadmessage\Maven_Localrepository\javax\inject\javax.inject\1\javax.inject-1.jar;D:\APPDownloadmessage\Maven_Localrepository\aopalliance\aopalliance\1.0\aopalliance-1.0.jar;D:\APPDownloadmessage\Maven_Localrepository\org\codehaus\jettison\jettison\1.4.0\jettison-1.4.0.jar;D:\APPDownloadmessage\Maven_Localrepository\com\netflix\eureka\eureka-core\1.10.17\eureka-core-1.10.17.jar;D:\APPDownloadmessage\Maven_Localrepository\com\fasterxml\woodstox\woodstox-core\6.2.1\woodstox-core-6.2.1.jar;D:\APPDownloadmessage\Maven_Localrepository\org\codehaus\woodstox\stax2-api\4.2.1\stax2-api-4.2.1.jar;D:\APPDownloadmessage\Maven_Localrepository\org\springframework\cloud\spring-cloud-starter-loadbalancer\3.0.5\spring-cloud-starter-loadbalancer-3.0.5.jar;D:\APPDownloadmessage\Maven_Localrepository\org\springframework\cloud\spring-cloud-loadbalancer\3.0.5\spring-cloud-loadbalancer-3.0.5.jar;D:\APPDownloadmessage\Maven_Localrepository\io\projectreactor\addons\reactor-extra\3.4.3\reactor-extra-3.4.3.jar;D:\APPDownloadmessage\Maven_Localrepository\org\springframework\boot\spring-boot-starter-cache\2.5.1\spring-boot-starter-cache-2.5.1.jar;D:\APPDownloadmessage\Maven_Localrepository\com\stoyanr\evictor\1.0.0\evictor-1.0.0.jar;D:\APPDownloadmessage\Maven_Localrepository\org\springframework\cloud\spring-cloud-starter-openfeign\3.0.6\spring-cloud-starter-openfeign-3.0.6.jar;D:\APPDownloadmessage\Maven_Localrepository\org\springframework\cloud\spring-cloud-openfeign-core\3.0.6\spring-cloud-openfeign-core-3.0.6.jar;D:\APPDownloadmessage\Maven_Localrepository\io\github\openfeign\form\feign-form-spring\3.8.0\feign-form-spring-3.8.0.jar;D:\APPDownloadmessage\Maven_Localrepository\io\github\openfeign\form\feign-form\3.8.0\feign-form-3.8.0.jar;D:\APPDownloadmessage\Maven_Localrepository\commons-fileupload\commons-fileupload\1.4\commons-fileupload-1.4.jar;D:\APPDownloadmessage\Maven_Localrepository\org\springframework\cloud\spring-cloud-commons\3.0.5\spring-cloud-commons-3.0.5.jar;D:\APPDownloadmessage\Maven_Localrepository\org\springframework\security\spring-security-crypto\5.5.0\spring-security-crypto-5.5.0.jar;D:\APPDownloadmessage\Maven_Localrepository\io\github\openfeign\feign-core\10.12\feign-core-10.12.jar;D:\APPDownloadmessage\Maven_Localrepository\io\github\openfeign\feign-slf4j\10.12\feign-slf4j-10.12.jar;D:\APPDownloadmessage\Maven_Localrepository\org\springframework\cloud\spring-cloud-starter-netflix-hystrix\2.2.10.RELEASE\spring-cloud-starter-netflix-hystrix-2.2.10.RELEASE.jar;D:\APPDownloadmessage\Maven_Localrepository\org\springframework\cloud\spring-cloud-netflix-hystrix\2.2.10.RELEASE\spring-cloud-netflix-hystrix-2.2.10.RELEASE.jar;D:\APPDownloadmessage\Maven_Localrepository\org\springframework\cloud\spring-cloud-netflix-ribbon\2.2.10.RELEASE\spring-cloud-netflix-ribbon-2.2.10.RELEASE.jar;D:\APPDownloadmessage\Maven_Localrepository\org\springframework\cloud\spring-cloud-netflix-archaius\2.2.10.RELEASE\spring-cloud-netflix-archaius-2.2.10.RELEASE.jar;D:\APPDownloadmessage\Maven_Localrepository\org\springframework\cloud\spring-cloud-starter-netflix-archaius\2.2.10.RELEASE\spring-cloud-starter-netflix-archaius-2.2.10.RELEASE.jar;D:\APPDownloadmessage\Maven_Localrepository\com\netflix\archaius\archaius-core\0.7.7\archaius-core-0.7.7.jar;D:\APPDownloadmessage\Maven_Localrepository\com\netflix\hystrix\hystrix-core\1.5.18\hystrix-core-1.5.18.jar;D:\APPDownloadmessage\Maven_Localrepository\io\reactivex\rxjava\1.3.8\rxjava-1.3.8.jar;D:\APPDownloadmessage\Maven_Localrepository\org\hdrhistogram\HdrHistogram\2.1.9\HdrHistogram-2.1.9.jar;D:\APPDownloadmessage\Maven_Localrepository\com\netflix\hystrix\hystrix-serialization\1.5.18\hystrix-serialization-1.5.18.jar;D:\APPDownloadmessage\Maven_Localrepository\com\fasterxml\jackson\module\jackson-module-afterburner\2.12.3\jackson-module-afterburner-2.12.3.jar;D:\APPDownloadmessage\Maven_Localrepository\com\netflix\hystrix\hystrix-metrics-event-stream\1.5.18\hystrix-metrics-event-stream-1.5.18.jar;D:\APPDownloadmessage\Maven_Localrepository\com\netflix\hystrix\hystrix-javanica\1.5.18\hystrix-javanica-1.5.18.jar;D:\APPDownloadmessage\Maven_Localrepository\org\ow2\asm\asm\5.0.4\asm-5.0.4.jar;D:\APPDownloadmessage\Maven_Localrepository\io\reactivex\rxjava-reactive-streams\1.2.1\rxjava-reactive-streams-1.2.1.jar;D:\APPDownloadmessage\Maven_Localrepository\org\reactivestreams\reactive-streams\1.0.3\reactive-streams-1.0.3.jar;"/>
    <property name="java.vm.vendor" value="Oracle Corporation"/>
    <property name="sun.arch.data.model" value="64"/>
    <property name="user.variant" value=""/>
    <property name="java.vendor.url" value="http://java.oracle.com/"/>
    <property name="user.timezone" value="Asia/Shanghai"/>
    <property name="java.vm.specification.version" value="1.8"/>
    <property name="os.name" value="Windows 10"/>
    <property name="user.country" value="CN"/>
    <property name="sun.java.launcher" value="SUN_STANDARD"/>
    <property name="sun.boot.library.path" value="D:\APPDownloadmessage\JAVA\JAVA8Resource\jre\bin"/>
    <property name="sun.java.command" value="C:\Users\Amber\AppData\Local\Temp\surefire1010065517867121888\surefirebooter4534101242947374834.jar C:\Users\Amber\AppData\Local\Temp\surefire1010065517867121888 2023-07-07T17-12-50_984-jvmRun1 surefire5130028300667956807tmp surefire_08111368588341303580tmp"/>
    <property name="surefire.test.class.path" value="E:\APPDownload\Java\xiangmu\Imitation B station\Project\imitation-bilibili\imitation-bilibili-service\target\test-classes;E:\APPDownload\Java\xiangmu\Imitation B station\Project\imitation-bilibili\imitation-bilibili-service\target\classes;E:\APPDownload\Java\xiangmu\Imitation B station\Project\imitation-bilibili\imitation-bilibili-dao\target\imitation-bilibili-dao-1.0-SNAPSHOT.jar;D:\APPDownloadmessage\Maven_Localrepository\org\springframework\boot\spring-boot-starter-web\2.5.1\spring-boot-starter-web-2.5.1.jar;D:\APPDownloadmessage\Maven_Localrepository\org\springframework\boot\spring-boot-starter\2.5.1\spring-boot-starter-2.5.1.jar;D:\APPDownloadmessage\Maven_Localrepository\org\springframework\boot\spring-boot-starter-logging\2.5.1\spring-boot-starter-logging-2.5.1.jar;D:\APPDownloadmessage\Maven_Localrepository\org\apache\logging\log4j\log4j-to-slf4j\2.14.1\log4j-to-slf4j-2.14.1.jar;D:\APPDownloadmessage\Maven_Localrepository\org\apache\logging\log4j\log4j-api\2.14.1\log4j-api-2.14.1.jar;D:\APPDownloadmessage\Maven_Localrepository\org\slf4j\jul-to-slf4j\1.7.30\jul-to-slf4j-1.7.30.jar;D:\APPDownloadmessage\Maven_Localrepository\jakarta\annotation\jakarta.annotation-api\1.3.5\jakarta.annotation-api-1.3.5.jar;D:\APPDownloadmessage\Maven_Localrepository\org\yaml\snakeyaml\1.28\snakeyaml-1.28.jar;D:\APPDownloadmessage\Maven_Localrepository\org\springframework\boot\spring-boot-starter-json\2.5.1\spring-boot-starter-json-2.5.1.jar;D:\APPDownloadmessage\Maven_Localrepository\com\fasterxml\jackson\datatype\jackson-datatype-jdk8\2.12.3\jackson-datatype-jdk8-2.12.3.jar;D:\APPDownloadmessage\Maven_Localrepository\com\fasterxml\jackson\datatype\jackson-datatype-jsr310\2.12.3\jackson-datatype-jsr310-2.12.3.jar;D:\APPDownloadmessage\Maven_Localrepository\com\fasterxml\jackson\module\jackson-module-parameter-names\2.12.3\jackson-module-parameter-names-2.12.3.jar;D:\APPDownloadmessage\Maven_Localrepository\org\springframework\boot\spring-boot-starter-tomcat\2.5.1\spring-boot-starter-tomcat-2.5.1.jar;D:\APPDownloadmessage\Maven_Localrepository\org\apache\tomcat\embed\tomcat-embed-core\9.0.46\tomcat-embed-core-9.0.46.jar;D:\APPDownloadmessage\Maven_Localrepository\org\apache\tomcat\embed\tomcat-embed-el\9.0.46\tomcat-embed-el-9.0.46.jar;D:\APPDownloadmessage\Maven_Localrepository\org\apache\tomcat\embed\tomcat-embed-websocket\9.0.46\tomcat-embed-websocket-9.0.46.jar;D:\APPDownloadmessage\Maven_Localrepository\org\springframework\spring-web\5.3.8\spring-web-5.3.8.jar;D:\APPDownloadmessage\Maven_Localrepository\org\springframework\spring-beans\5.3.8\spring-beans-5.3.8.jar;D:\APPDownloadmessage\Maven_Localrepository\org\springframework\spring-webmvc\5.3.8\spring-webmvc-5.3.8.jar;D:\APPDownloadmessage\Maven_Localrepository\org\springframework\spring-expression\5.3.8\spring-expression-5.3.8.jar;D:\APPDownloadmessage\Maven_Localrepository\mysql\mysql-connector-java\8.0.29\mysql-connector-java-8.0.29.jar;D:\APPDownloadmessage\Maven_Localrepository\org\mybatis\spring\boot\mybatis-spring-boot-starter\2.2.2\mybatis-spring-boot-starter-2.2.2.jar;D:\APPDownloadmessage\Maven_Localrepository\org\springframework\boot\spring-boot-starter-jdbc\2.5.1\spring-boot-starter-jdbc-2.5.1.jar;D:\APPDownloadmessage\Maven_Localrepository\com\zaxxer\HikariCP\4.0.3\HikariCP-4.0.3.jar;D:\APPDownloadmessage\Maven_Localrepository\org\springframework\spring-jdbc\5.3.8\spring-jdbc-5.3.8.jar;D:\APPDownloadmessage\Maven_Localrepository\org\mybatis\spring\boot\mybatis-spring-boot-autoconfigure\2.2.2\mybatis-spring-boot-autoconfigure-2.2.2.jar;D:\APPDownloadmessage\Maven_Localrepository\org\mybatis\mybatis\3.5.9\mybatis-3.5.9.jar;D:\APPDownloadmessage\Maven_Localrepository\org\mybatis\mybatis-spring\2.0.7\mybatis-spring-2.0.7.jar;D:\APPDownloadmessage\Maven_Localrepository\org\springframework\boot\spring-boot-devtools\2.5.1\spring-boot-devtools-2.5.1.jar;D:\APPDownloadmessage\Maven_Localrepository\org\springframework\boot\spring-boot\2.5.1\spring-boot-2.5.1.jar;D:\APPDownloadmessage\Maven_Localrepository\org\springframework\boot\spring-boot-autoconfigure\2.5.1\spring-boot-autoconfigure-2.5.1.jar;D:\APPDownloadmessage\Maven_Localrepository\commons-codec\commons-codec\1.14\commons-codec-1.14.jar;D:\APPDownloadmessage\Maven_Localrepository\org\projectlombok\lombok\1.18.10\lombok-1.18.10.jar;D:\APPDownloadmessage\Maven_Localrepository\com\alibaba\fastjson\1.2.78\fastjson-1.2.78.jar;D:\APPDownloadmessage\Maven_Localrepository\com\auth0\java-jwt\3.18.2\java-jwt-3.18.2.jar;D:\APPDownloadmessage\Maven_Localrepository\com\fasterxml\jackson\core\jackson-databind\2.12.3\jackson-databind-2.12.3.jar;D:\APPDownloadmessage\Maven_Localrepository\com\fasterxml\jackson\core\jackson-annotations\2.12.3\jackson-annotations-2.12.3.jar;D:\APPDownloadmessage\Maven_Localrepository\org\apache\rocketmq\rocketmq-client\4.9.4\rocketmq-client-4.9.4.jar;D:\APPDownloadmessage\Maven_Localrepository\org\apache\rocketmq\rocketmq-common\4.9.4\rocketmq-common-4.9.4.jar;D:\APPDownloadmessage\Maven_Localrepository\org\apache\rocketmq\rocketmq-remoting\4.9.4\rocketmq-remoting-4.9.4.jar;D:\APPDownloadmessage\Maven_Localrepository\io\netty\netty-all\4.1.65.Final\netty-all-4.1.65.Final.jar;D:\APPDownloadmessage\Maven_Localrepository\org\apache\rocketmq\rocketmq-logging\4.9.4\rocketmq-logging-4.9.4.jar;D:\APPDownloadmessage\Maven_Localrepository\commons-validator\commons-validator\1.7\commons-validator-1.7.jar;D:\APPDownloadmessage\Maven_Localrepository\commons-digester\commons-digester\2.1\commons-digester-2.1.jar;D:\APPDownloadmessage\Maven_Localrepository\commons-logging\commons-logging\1.2\commons-logging-1.2.jar;D:\APPDownloadmessage\Maven_Localrepository\com\github\luben\zstd-jni\1.5.2-2\zstd-jni-1.5.2-2.jar;D:\APPDownloadmessage\Maven_Localrepository\org\lz4\lz4-java\1.8.0\lz4-java-1.8.0.jar;D:\APPDownloadmessage\Maven_Localrepository\org\apache\commons\commons-lang3\3.12.0\commons-lang3-3.12.0.jar;D:\APPDownloadmessage\Maven_Localrepository\org\springframework\boot\spring-boot-starter-data-redis\2.2.2.RELEASE\spring-boot-starter-data-redis-2.2.2.RELEASE.jar;D:\APPDownloadmessage\Maven_Localrepository\org\springframework\data\spring-data-redis\2.5.1\spring-data-redis-2.5.1.jar;D:\APPDownloadmessage\Maven_Localrepository\org\springframework\data\spring-data-keyvalue\2.5.1\spring-data-keyvalue-2.5.1.jar;D:\APPDownloadmessage\Maven_Localrepository\org\springframework\spring-tx\5.3.8\spring-tx-5.3.8.jar;D:\APPDownloadmessage\Maven_Localrepository\org\springframework\spring-oxm\5.3.8\spring-oxm-5.3.8.jar;D:\APPDownloadmessage\Maven_Localrepository\org\springframework\spring-context-support\5.3.8\spring-context-support-5.3.8.jar;D:\APPDownloadmessage\Maven_Localrepository\io\lettuce\lettuce-core\6.1.2.RELEASE\lettuce-core-6.1.2.RELEASE.jar;D:\APPDownloadmessage\Maven_Localrepository\io\netty\netty-common\4.1.65.Final\netty-common-4.1.65.Final.jar;D:\APPDownloadmessage\Maven_Localrepository\io\netty\netty-handler\4.1.65.Final\netty-handler-4.1.65.Final.jar;D:\APPDownloadmessage\Maven_Localrepository\io\netty\netty-resolver\4.1.65.Final\netty-resolver-4.1.65.Final.jar;D:\APPDownloadmessage\Maven_Localrepository\io\netty\netty-buffer\4.1.65.Final\netty-buffer-4.1.65.Final.jar;D:\APPDownloadmessage\Maven_Localrepository\io\netty\netty-codec\4.1.65.Final\netty-codec-4.1.65.Final.jar;D:\APPDownloadmessage\Maven_Localrepository\io\netty\netty-transport\4.1.65.Final\netty-transport-4.1.65.Final.jar;D:\APPDownloadmessage\Maven_Localrepository\io\projectreactor\reactor-core\3.4.6\reactor-core-3.4.6.jar;D:\APPDownloadmessage\Maven_Localrepository\org\springframework\boot\spring-boot-starter-aop\2.5.1\spring-boot-starter-aop-2.5.1.jar;D:\APPDownloadmessage\Maven_Localrepository\org\springframework\spring-aop\5.3.8\spring-aop-5.3.8.jar;D:\APPDownloadmessage\Maven_Localrepository\org\aspectj\aspectjweaver\1.9.6\aspectjweaver-1.9.6.jar;D:\APPDownloadmessage\Maven_Localrepository\com\github\tobato\fastdfs-client\1.27.2\fastdfs-client-1.27.2.jar;D:\APPDownloadmessage\Maven_Localrepository\org\slf4j\slf4j-api\1.7.30\slf4j-api-1.7.30.jar;D:\APPDownloadmessage\Maven_Localrepository\org\slf4j\jcl-over-slf4j\1.7.30\jcl-over-slf4j-1.7.30.jar;D:\APPDownloadmessage\Maven_Localrepository\ch\qos\logback\logback-classic\1.2.3\logback-classic-1.2.3.jar;D:\APPDownloadmessage\Maven_Localrepository\ch\qos\logback\logback-core\1.2.3\logback-core-1.2.3.jar;D:\APPDownloadmessage\Maven_Localrepository\commons-beanutils\commons-beanutils\1.9.3\commons-beanutils-1.9.3.jar;D:\APPDownloadmessage\Maven_Localrepository\commons-collections\commons-collections\3.2.2\commons-collections-3.2.2.jar;D:\APPDownloadmessage\Maven_Localrepository\commons-io\commons-io\2.4\commons-io-2.4.jar;D:\APPDownloadmessage\Maven_Localrepository\org\apache\commons\commons-pool2\2.9.0\commons-pool2-2.9.0.jar;D:\APPDownloadmessage\Maven_Localrepository\org\springframework\spring-core\5.3.8\spring-core-5.3.8.jar;D:\APPDownloadmessage\Maven_Localrepository\org\springframework\spring-jcl\5.3.8\spring-jcl-5.3.8.jar;D:\APPDownloadmessage\Maven_Localrepository\org\hibernate\validator\hibernate-validator\6.2.0.Final\hibernate-validator-6.2.0.Final.jar;D:\APPDownloadmessage\Maven_Localrepository\jakarta\validation\jakarta.validation-api\2.0.2\jakarta.validation-api-2.0.2.jar;D:\APPDownloadmessage\Maven_Localrepository\org\jboss\logging\jboss-logging\3.4.2.Final\jboss-logging-3.4.2.Final.jar;D:\APPDownloadmessage\Maven_Localrepository\com\fasterxml\classmate\1.5.1\classmate-1.5.1.jar;D:\APPDownloadmessage\Maven_Localrepository\org\springframework\spring-context\5.3.8\spring-context-5.3.8.jar;D:\APPDownloadmessage\Maven_Localrepository\net\coobird\thumbnailator\0.4.8\thumbnailator-0.4.8.jar;D:\APPDownloadmessage\Maven_Localrepository\org\springframework\boot\spring-boot-starter-websocket\2.5.1\spring-boot-starter-websocket-2.5.1.jar;D:\APPDownloadmessage\Maven_Localrepository\org\springframework\spring-messaging\5.3.8\spring-messaging-5.3.8.jar;D:\APPDownloadmessage\Maven_Localrepository\org\springframework\spring-websocket\5.3.8\spring-websocket-5.3.8.jar;D:\APPDownloadmessage\Maven_Localrepository\org\springframework\boot\spring-boot-starter-data-elasticsearch\2.5.1\spring-boot-starter-data-elasticsearch-2.5.1.jar;D:\APPDownloadmessage\Maven_Localrepository\org\springframework\data\spring-data-elasticsearch\4.2.1\spring-data-elasticsearch-4.2.1.jar;D:\APPDownloadmessage\Maven_Localrepository\org\springframework\data\spring-data-commons\2.5.1\spring-data-commons-2.5.1.jar;D:\APPDownloadmessage\Maven_Localrepository\org\elasticsearch\plugin\transport-netty4-client\7.12.1\transport-netty4-client-7.12.1.jar;D:\APPDownloadmessage\Maven_Localrepository\io\netty\netty-codec-http\4.1.65.Final\netty-codec-http-4.1.65.Final.jar;D:\APPDownloadmessage\Maven_Localrepository\org\elasticsearch\client\elasticsearch-rest-high-level-client\7.12.1\elasticsearch-rest-high-level-client-7.12.1.jar;D:\APPDownloadmessage\Maven_Localrepository\org\elasticsearch\elasticsearch\7.12.1\elasticsearch-7.12.1.jar;D:\APPDownloadmessage\Maven_Localrepository\org\elasticsearch\elasticsearch-core\7.12.1\elasticsearch-core-7.12.1.jar;D:\APPDownloadmessage\Maven_Localrepository\org\elasticsearch\elasticsearch-secure-sm\7.12.1\elasticsearch-secure-sm-7.12.1.jar;D:\APPDownloadmessage\Maven_Localrepository\org\elasticsearch\elasticsearch-x-content\7.12.1\elasticsearch-x-content-7.12.1.jar;D:\APPDownloadmessage\Maven_Localrepository\com\fasterxml\jackson\dataformat\jackson-dataformat-smile\2.12.3\jackson-dataformat-smile-2.12.3.jar;D:\APPDownloadmessage\Maven_Localrepository\com\fasterxml\jackson\dataformat\jackson-dataformat-yaml\2.12.3\jackson-dataformat-yaml-2.12.3.jar;D:\APPDownloadmessage\Maven_Localrepository\com\fasterxml\jackson\dataformat\jackson-dataformat-cbor\2.12.3\jackson-dataformat-cbor-2.12.3.jar;D:\APPDownloadmessage\Maven_Localrepository\org\elasticsearch\elasticsearch-geo\7.12.1\elasticsearch-geo-7.12.1.jar;D:\APPDownloadmessage\Maven_Localrepository\org\apache\lucene\lucene-core\8.8.0\lucene-core-8.8.0.jar;D:\APPDownloadmessage\Maven_Localrepository\org\apache\lucene\lucene-analyzers-common\8.8.0\lucene-analyzers-common-8.8.0.jar;D:\APPDownloadmessage\Maven_Localrepository\org\apache\lucene\lucene-backward-codecs\8.8.0\lucene-backward-codecs-8.8.0.jar;D:\APPDownloadmessage\Maven_Localrepository\org\apache\lucene\lucene-grouping\8.8.0\lucene-grouping-8.8.0.jar;D:\APPDownloadmessage\Maven_Localrepository\org\apache\lucene\lucene-highlighter\8.8.0\lucene-highlighter-8.8.0.jar;D:\APPDownloadmessage\Maven_Localrepository\org\apache\lucene\lucene-join\8.8.0\lucene-join-8.8.0.jar;D:\APPDownloadmessage\Maven_Localrepository\org\apache\lucene\lucene-memory\8.8.0\lucene-memory-8.8.0.jar;D:\APPDownloadmessage\Maven_Localrepository\org\apache\lucene\lucene-misc\8.8.0\lucene-misc-8.8.0.jar;D:\APPDownloadmessage\Maven_Localrepository\org\apache\lucene\lucene-queries\8.8.0\lucene-queries-8.8.0.jar;D:\APPDownloadmessage\Maven_Localrepository\org\apache\lucene\lucene-queryparser\8.8.0\lucene-queryparser-8.8.0.jar;D:\APPDownloadmessage\Maven_Localrepository\org\apache\lucene\lucene-sandbox\8.8.0\lucene-sandbox-8.8.0.jar;D:\APPDownloadmessage\Maven_Localrepository\org\apache\lucene\lucene-spatial-extras\8.8.0\lucene-spatial-extras-8.8.0.jar;D:\APPDownloadmessage\Maven_Localrepository\org\apache\lucene\lucene-spatial3d\8.8.0\lucene-spatial3d-8.8.0.jar;D:\APPDownloadmessage\Maven_Localrepository\org\apache\lucene\lucene-suggest\8.8.0\lucene-suggest-8.8.0.jar;D:\APPDownloadmessage\Maven_Localrepository\org\elasticsearch\elasticsearch-cli\7.12.1\elasticsearch-cli-7.12.1.jar;D:\APPDownloadmessage\Maven_Localrepository\net\sf\jopt-simple\jopt-simple\5.0.2\jopt-simple-5.0.2.jar;D:\APPDownloadmessage\Maven_Localrepository\com\carrotsearch\hppc\0.8.1\hppc-0.8.1.jar;D:\APPDownloadmessage\Maven_Localrepository\joda-time\joda-time\2.10.4\joda-time-2.10.4.jar;D:\APPDownloadmessage\Maven_Localrepository\org\elasticsearch\jna\5.7.0-1\jna-5.7.0-1.jar;D:\APPDownloadmessage\Maven_Localrepository\org\elasticsearch\elasticsearch-plugin-classloader\7.12.1\elasticsearch-plugin-classloader-7.12.1.jar;D:\APPDownloadmessage\Maven_Localrepository\org\elasticsearch\client\elasticsearch-rest-client\7.12.1\elasticsearch-rest-client-7.12.1.jar;D:\APPDownloadmessage\Maven_Localrepository\org\apache\httpcomponents\httpasyncclient\4.1.4\httpasyncclient-4.1.4.jar;D:\APPDownloadmessage\Maven_Localrepository\org\apache\httpcomponents\httpcore-nio\4.4.14\httpcore-nio-4.4.14.jar;D:\APPDownloadmessage\Maven_Localrepository\org\elasticsearch\plugin\mapper-extras-client\7.12.1\mapper-extras-client-7.12.1.jar;D:\APPDownloadmessage\Maven_Localrepository\org\elasticsearch\plugin\parent-join-client\7.12.1\parent-join-client-7.12.1.jar;D:\APPDownloadmessage\Maven_Localrepository\org\elasticsearch\plugin\aggs-matrix-stats-client\7.12.1\aggs-matrix-stats-client-7.12.1.jar;D:\APPDownloadmessage\Maven_Localrepository\org\elasticsearch\plugin\rank-eval-client\7.12.1\rank-eval-client-7.12.1.jar;D:\APPDownloadmessage\Maven_Localrepository\org\elasticsearch\plugin\lang-mustache-client\7.12.1\lang-mustache-client-7.12.1.jar;D:\APPDownloadmessage\Maven_Localrepository\com\github\spullara\mustache\java\compiler\0.9.6\compiler-0.9.6.jar;D:\APPDownloadmessage\Maven_Localrepository\eu\bitwalker\UserAgentUtils\1.21\UserAgentUtils-1.21.jar;D:\APPDownloadmessage\Maven_Localrepository\org\apache\mahout\mahout-mr\0.12.2\mahout-mr-0.12.2.jar;D:\APPDownloadmessage\Maven_Localrepository\org\apache\mahout\mahout-math\0.12.2\mahout-math-0.12.2.jar;D:\APPDownloadmessage\Maven_Localrepository\it\unimi\dsi\fastutil\7.0.12\fastutil-7.0.12.jar;D:\APPDownloadmessage\Maven_Localrepository\com\tdunning\t-digest\3.1\t-digest-3.1.jar;D:\APPDownloadmessage\Maven_Localrepository\org\apache\mahout\mahout-hdfs\0.12.2\mahout-hdfs-0.12.2.jar;D:\APPDownloadmessage\Maven_Localrepository\com\google\guava\guava\11.0.2\guava-11.0.2.jar;D:\APPDownloadmessage\Maven_Localrepository\com\google\code\findbugs\jsr305\1.3.9\jsr305-1.3.9.jar;D:\APPDownloadmessage\Maven_Localrepository\org\apache\hadoop\hadoop-client\2.4.1\hadoop-client-2.4.1.jar;D:\APPDownloadmessage\Maven_Localrepository\org\apache\hadoop\hadoop-common\2.4.1\hadoop-common-2.4.1.jar;D:\APPDownloadmessage\Maven_Localrepository\commons-httpclient\commons-httpclient\3.1\commons-httpclient-3.1.jar;D:\APPDownloadmessage\Maven_Localrepository\commons-net\commons-net\3.1\commons-net-3.1.jar;D:\APPDownloadmessage\Maven_Localrepository\commons-lang\commons-lang\2.6\commons-lang-2.6.jar;D:\APPDownloadmessage\Maven_Localrepository\org\codehaus\jackson\jackson-core-asl\1.8.8\jackson-core-asl-1.8.8.jar;D:\APPDownloadmessage\Maven_Localrepository\org\codehaus\jackson\jackson-mapper-asl\1.8.8\jackson-mapper-asl-1.8.8.jar;D:\APPDownloadmessage\Maven_Localrepository\org\apache\avro\avro\1.7.4\avro-1.7.4.jar;D:\APPDownloadmessage\Maven_Localrepository\com\thoughtworks\paranamer\paranamer\2.3\paranamer-2.3.jar;D:\APPDownloadmessage\Maven_Localrepository\org\xerial\snappy\snappy-java\1.0.4.1\snappy-java-1.0.4.1.jar;D:\APPDownloadmessage\Maven_Localrepository\com\google\protobuf\protobuf-java\2.5.0\protobuf-java-2.5.0.jar;D:\APPDownloadmessage\Maven_Localrepository\org\apache\hadoop\hadoop-auth\2.4.1\hadoop-auth-2.4.1.jar;D:\APPDownloadmessage\Maven_Localrepository\org\apache\zookeeper\zookeeper\3.4.5\zookeeper-3.4.5.jar;D:\APPDownloadmessage\Maven_Localrepository\org\apache\commons\commons-compress\1.4.1\commons-compress-1.4.1.jar;D:\APPDownloadmessage\Maven_Localrepository\org\tukaani\xz\1.0\xz-1.0.jar;D:\APPDownloadmessage\Maven_Localrepository\org\apache\hadoop\hadoop-hdfs\2.4.1\hadoop-hdfs-2.4.1.jar;D:\APPDownloadmessage\Maven_Localrepository\org\apache\hadoop\hadoop-mapreduce-client-app\2.4.1\hadoop-mapreduce-client-app-2.4.1.jar;D:\APPDownloadmessage\Maven_Localrepository\org\apache\hadoop\hadoop-mapreduce-client-common\2.4.1\hadoop-mapreduce-client-common-2.4.1.jar;D:\APPDownloadmessage\Maven_Localrepository\org\apache\hadoop\hadoop-yarn-client\2.4.1\hadoop-yarn-client-2.4.1.jar;D:\APPDownloadmessage\Maven_Localrepository\org\apache\hadoop\hadoop-yarn-server-common\2.4.1\hadoop-yarn-server-common-2.4.1.jar;D:\APPDownloadmessage\Maven_Localrepository\org\apache\hadoop\hadoop-mapreduce-client-shuffle\2.4.1\hadoop-mapreduce-client-shuffle-2.4.1.jar;D:\APPDownloadmessage\Maven_Localrepository\org\apache\hadoop\hadoop-yarn-api\2.4.1\hadoop-yarn-api-2.4.1.jar;D:\APPDownloadmessage\Maven_Localrepository\org\apache\hadoop\hadoop-mapreduce-client-core\2.4.1\hadoop-mapreduce-client-core-2.4.1.jar;D:\APPDownloadmessage\Maven_Localrepository\org\apache\hadoop\hadoop-yarn-common\2.4.1\hadoop-yarn-common-2.4.1.jar;D:\APPDownloadmessage\Maven_Localrepository\javax\xml\bind\jaxb-api\2.3.1\jaxb-api-2.3.1.jar;D:\APPDownloadmessage\Maven_Localrepository\javax\activation\javax.activation-api\1.2.0\javax.activation-api-1.2.0.jar;D:\APPDownloadmessage\Maven_Localrepository\javax\servlet\servlet-api\2.5\servlet-api-2.5.jar;D:\APPDownloadmessage\Maven_Localrepository\org\apache\hadoop\hadoop-mapreduce-client-jobclient\2.4.1\hadoop-mapreduce-client-jobclient-2.4.1.jar;D:\APPDownloadmessage\Maven_Localrepository\org\apache\hadoop\hadoop-annotations\2.4.1\hadoop-annotations-2.4.1.jar;D:\APPDownloadmessage\Maven_Localrepository\com\fasterxml\jackson\core\jackson-core\2.12.3\jackson-core-2.12.3.jar;D:\APPDownloadmessage\Maven_Localrepository\commons-cli\commons-cli\1.2\commons-cli-1.2.jar;D:\APPDownloadmessage\Maven_Localrepository\com\thoughtworks\xstream\xstream\1.4.4\xstream-1.4.4.jar;D:\APPDownloadmessage\Maven_Localrepository\xmlpull\xmlpull\1.1.3.1\xmlpull-1.1.3.1.jar;D:\APPDownloadmessage\Maven_Localrepository\xpp3\xpp3_min\1.1.4c\xpp3_min-1.1.4c.jar;D:\APPDownloadmessage\Maven_Localrepository\org\apache\mahout\commons\commons-cli\2.0-mahout\commons-cli-2.0-mahout.jar;D:\APPDownloadmessage\Maven_Localrepository\org\apache\commons\commons-math3\3.2\commons-math3-3.2.jar;D:\APPDownloadmessage\Maven_Localrepository\org\apache\solr\solr-commons-csv\3.5.0\solr-commons-csv-3.5.0.jar;D:\APPDownloadmessage\Maven_Localrepository\org\bytedeco\javacv\1.4.3\javacv-1.4.3.jar;D:\APPDownloadmessage\Maven_Localrepository\org\bytedeco\javacpp\1.4.3\javacpp-1.4.3.jar;D:\APPDownloadmessage\Maven_Localrepository\org\bytedeco\javacpp-presets\opencv\3.4.3-1.4.3\opencv-3.4.3-1.4.3.jar;D:\APPDownloadmessage\Maven_Localrepository\org\bytedeco\javacpp-presets\ffmpeg\4.0.2-1.4.3\ffmpeg-4.0.2-1.4.3.jar;D:\APPDownloadmessage\Maven_Localrepository\org\bytedeco\javacpp-presets\flycapture\2.11.3.121-1.4.3\flycapture-2.11.3.121-1.4.3.jar;D:\APPDownloadmessage\Maven_Localrepository\org\bytedeco\javacpp-presets\libdc1394\2.2.5-1.4.3\libdc1394-2.2.5-1.4.3.jar;D:\APPDownloadmessage\Maven_Localrepository\org\bytedeco\javacpp-presets\libfreenect\0.5.3-1.4.3\libfreenect-0.5.3-1.4.3.jar;D:\APPDownloadmessage\Maven_Localrepository\org\bytedeco\javacpp-presets\libfreenect2\0.2.0-1.4.3\libfreenect2-0.2.0-1.4.3.jar;D:\APPDownloadmessage\Maven_Localrepository\org\bytedeco\javacpp-presets\librealsense\1.12.1-1.4.3\librealsense-1.12.1-1.4.3.jar;D:\APPDownloadmessage\Maven_Localrepository\org\bytedeco\javacpp-presets\videoinput\0.200-1.4.3\videoinput-0.200-1.4.3.jar;D:\APPDownloadmessage\Maven_Localrepository\org\bytedeco\javacpp-presets\artoolkitplus\2.3.1-1.4.3\artoolkitplus-2.3.1-1.4.3.jar;D:\APPDownloadmessage\Maven_Localrepository\org\bytedeco\javacpp-presets\flandmark\1.07-1.4.3\flandmark-1.07-1.4.3.jar;D:\APPDownloadmessage\Maven_Localrepository\org\bytedeco\javacpp-presets\leptonica\1.76.0-1.4.3\leptonica-1.76.0-1.4.3.jar;D:\APPDownloadmessage\Maven_Localrepository\org\bytedeco\javacpp-presets\tesseract\4.0.0-rc2-1.4.3\tesseract-4.0.0-rc2-1.4.3.jar;D:\APPDownloadmessage\Maven_Localrepository\org\bytedeco\javacpp-presets\ffmpeg-platform\4.0.2-1.4.3\ffmpeg-platform-4.0.2-1.4.3.jar;D:\APPDownloadmessage\Maven_Localrepository\org\bytedeco\javacpp-presets\ffmpeg\4.0.2-1.4.3\ffmpeg-4.0.2-1.4.3-android-arm.jar;D:\APPDownloadmessage\Maven_Localrepository\org\bytedeco\javacpp-presets\ffmpeg\4.0.2-1.4.3\ffmpeg-4.0.2-1.4.3-android-arm64.jar;D:\APPDownloadmessage\Maven_Localrepository\org\bytedeco\javacpp-presets\ffmpeg\4.0.2-1.4.3\ffmpeg-4.0.2-1.4.3-android-x86.jar;D:\APPDownloadmessage\Maven_Localrepository\org\bytedeco\javacpp-presets\ffmpeg\4.0.2-1.4.3\ffmpeg-4.0.2-1.4.3-android-x86_64.jar;D:\APPDownloadmessage\Maven_Localrepository\org\bytedeco\javacpp-presets\ffmpeg\4.0.2-1.4.3\ffmpeg-4.0.2-1.4.3-linux-x86.jar;D:\APPDownloadmessage\Maven_Localrepository\org\bytedeco\javacpp-presets\ffmpeg\4.0.2-1.4.3\ffmpeg-4.0.2-1.4.3-linux-x86_64.jar;D:\APPDownloadmessage\Maven_Localrepository\org\bytedeco\javacpp-presets\ffmpeg\4.0.2-1.4.3\ffmpeg-4.0.2-1.4.3-linux-armhf.jar;D:\APPDownloadmessage\Maven_Localrepository\org\bytedeco\javacpp-presets\ffmpeg\4.0.2-1.4.3\ffmpeg-4.0.2-1.4.3-linux-ppc64le.jar;D:\APPDownloadmessage\Maven_Localrepository\org\bytedeco\javacpp-presets\ffmpeg\4.0.2-1.4.3\ffmpeg-4.0.2-1.4.3-macosx-x86_64.jar;D:\APPDownloadmessage\Maven_Localrepository\org\bytedeco\javacpp-presets\ffmpeg\4.0.2-1.4.3\ffmpeg-4.0.2-1.4.3-windows-x86.jar;D:\APPDownloadmessage\Maven_Localrepository\org\bytedeco\javacpp-presets\ffmpeg\4.0.2-1.4.3\ffmpeg-4.0.2-1.4.3-windows-x86_64.jar;D:\APPDownloadmessage\Maven_Localrepository\org\springframework\cloud\spring-cloud-starter-netflix-eureka-client\3.0.5\spring-cloud-starter-netflix-eureka-client-3.0.5.jar;D:\APPDownloadmessage\Maven_Localrepository\org\springframework\cloud\spring-cloud-starter\3.0.5\spring-cloud-starter-3.0.5.jar;D:\APPDownloadmessage\Maven_Localrepository\org\springframework\cloud\spring-cloud-context\3.0.5\spring-cloud-context-3.0.5.jar;D:\APPDownloadmessage\Maven_Localrepository\org\springframework\security\spring-security-rsa\1.0.10.RELEASE\spring-security-rsa-1.0.10.RELEASE.jar;D:\APPDownloadmessage\Maven_Localrepository\org\bouncycastle\bcpkix-jdk15on\1.68\bcpkix-jdk15on-1.68.jar;D:\APPDownloadmessage\Maven_Localrepository\org\bouncycastle\bcprov-jdk15on\1.68\bcprov-jdk15on-1.68.jar;D:\APPDownloadmessage\Maven_Localrepository\org\springframework\cloud\spring-cloud-netflix-eureka-client\3.0.5\spring-cloud-netflix-eureka-client-3.0.5.jar;D:\APPDownloadmessage\Maven_Localrepository\com\netflix\eureka\eureka-client\1.10.17\eureka-client-1.10.17.jar;D:\APPDownloadmessage\Maven_Localrepository\com\netflix\netflix-commons\netflix-eventbus\0.3.0\netflix-eventbus-0.3.0.jar;D:\APPDownloadmessage\Maven_Localrepository\com\netflix\netflix-commons\netflix-infix\0.3.0\netflix-infix-0.3.0.jar;D:\APPDownloadmessage\Maven_Localrepository\commons-jxpath\commons-jxpath\1.3\commons-jxpath-1.3.jar;D:\APPDownloadmessage\Maven_Localrepository\org\antlr\antlr-runtime\3.4\antlr-runtime-3.4.jar;D:\APPDownloadmessage\Maven_Localrepository\org\antlr\stringtemplate\3.2.1\stringtemplate-3.2.1.jar;D:\APPDownloadmessage\Maven_Localrepository\antlr\antlr\2.7.7\antlr-2.7.7.jar;D:\APPDownloadmessage\Maven_Localrepository\com\google\code\gson\gson\2.8.7\gson-2.8.7.jar;D:\APPDownloadmessage\Maven_Localrepository\org\apache\commons\commons-math\2.2\commons-math-2.2.jar;D:\APPDownloadmessage\Maven_Localrepository\javax\ws\rs\jsr311-api\1.1.1\jsr311-api-1.1.1.jar;D:\APPDownloadmessage\Maven_Localrepository\com\netflix\servo\servo-core\0.12.21\servo-core-0.12.21.jar;D:\APPDownloadmessage\Maven_Localrepository\org\apache\httpcomponents\httpclient\4.5.13\httpclient-4.5.13.jar;D:\APPDownloadmessage\Maven_Localrepository\org\apache\httpcomponents\httpcore\4.4.14\httpcore-4.4.14.jar;D:\APPDownloadmessage\Maven_Localrepository\commons-configuration\commons-configuration\1.10\commons-configuration-1.10.jar;D:\APPDownloadmessage\Maven_Localrepository\com\google\inject\guice\4.1.0\guice-4.1.0.jar;D:\APPDownloadmessage\Maven_Localrepository\javax\inject\javax.inject\1\javax.inject-1.jar;D:\APPDownloadmessage\Maven_Localrepository\aopalliance\aopalliance\1.0\aopalliance-1.0.jar;D:\APPDownloadmessage\Maven_Localrepository\org\codehaus\jettison\jettison\1.4.0\jettison-1.4.0.jar;D:\APPDownloadmessage\Maven_Localrepository\com\netflix\eureka\eureka-core\1.10.17\eureka-core-1.10.17.jar;D:\APPDownloadmessage\Maven_Localrepository\com\fasterxml\woodstox\woodstox-core\6.2.1\woodstox-core-6.2.1.jar;D:\APPDownloadmessage\Maven_Localrepository\org\codehaus\woodstox\stax2-api\4.2.1\stax2-api-4.2.1.jar;D:\APPDownloadmessage\Maven_Localrepository\org\springframework\cloud\spring-cloud-starter-loadbalancer\3.0.5\spring-cloud-starter-loadbalancer-3.0.5.jar;D:\APPDownloadmessage\Maven_Localrepository\org\springframework\cloud\spring-cloud-loadbalancer\3.0.5\spring-cloud-loadbalancer-3.0.5.jar;D:\APPDownloadmessage\Maven_Localrepository\io\projectreactor\addons\reactor-extra\3.4.3\reactor-extra-3.4.3.jar;D:\APPDownloadmessage\Maven_Localrepository\org\springframework\boot\spring-boot-starter-cache\2.5.1\spring-boot-starter-cache-2.5.1.jar;D:\APPDownloadmessage\Maven_Localrepository\com\stoyanr\evictor\1.0.0\evictor-1.0.0.jar;D:\APPDownloadmessage\Maven_Localrepository\org\springframework\cloud\spring-cloud-starter-openfeign\3.0.6\spring-cloud-starter-openfeign-3.0.6.jar;D:\APPDownloadmessage\Maven_Localrepository\org\springframework\cloud\spring-cloud-openfeign-core\3.0.6\spring-cloud-openfeign-core-3.0.6.jar;D:\APPDownloadmessage\Maven_Localrepository\io\github\openfeign\form\feign-form-spring\3.8.0\feign-form-spring-3.8.0.jar;D:\APPDownloadmessage\Maven_Localrepository\io\github\openfeign\form\feign-form\3.8.0\feign-form-3.8.0.jar;D:\APPDownloadmessage\Maven_Localrepository\commons-fileupload\commons-fileupload\1.4\commons-fileupload-1.4.jar;D:\APPDownloadmessage\Maven_Localrepository\org\springframework\cloud\spring-cloud-commons\3.0.5\spring-cloud-commons-3.0.5.jar;D:\APPDownloadmessage\Maven_Localrepository\org\springframework\security\spring-security-crypto\5.5.0\spring-security-crypto-5.5.0.jar;D:\APPDownloadmessage\Maven_Localrepository\io\github\openfeign\feign-core\10.12\feign-core-10.12.jar;D:\APPDownloadmessage\Maven_Localrepository\io\github\openfeign\feign-slf4j\10.12\feign-slf4j-10.12.jar;D:\APPDownloadmessage\Maven_Localrepository\org\springframework\cloud\spring-cloud-starter-netflix-hystrix\2.2.10.RELEASE\spring-cloud-starter-netflix-hystrix-2.2.10.RELEASE.jar;D:\APPDownloadmessage\Maven_Localrepository\org\springframework\cloud\spring-cloud-netflix-hystrix\2.2.10.RELEASE\spring-cloud-netflix-hystrix-2.2.10.RELEASE.jar;D:\APPDownloadmessage\Maven_Localrepository\org\springframework\cloud\spring-cloud-netflix-ribbon\2.2.10.RELEASE\spring-cloud-netflix-ribbon-2.2.10.RELEASE.jar;D:\APPDownloadmessage\Maven_Localrepository\org\springframework\cloud\spring-cloud-netflix-archaius\2.2.10.RELEASE\spring-cloud-netflix-archaius-2.2.10.RELEASE.jar;D:\APPDownloadmessage\Maven_Localrepository\org\springframework\cloud\spring-cloud-starter-netflix-archaius\2.2.10.RELEASE\spring-cloud-starter-netflix-archaius-2.2.10.RELEASE.jar;D:\APPDownloadmessage\Maven_Localrepository\com\netflix\archaius\archaius-core\0.7.7\archaius-core-0.7.7.jar;D:\APPDownloadmessage\Maven_Localrepository\com\netflix\hystrix\hystrix-core\1.5.18\hystrix-core-1.5.18.jar;D:\APPDownloadmessage\Maven_Localrepository\io\reactivex\rxjava\1.3.8\rxjava-1.3.8.jar;D:\APPDownloadmessage\Maven_Localrepository\org\hdrhistogram\HdrHistogram\2.1.9\HdrHistogram-2.1.9.jar;D:\APPDownloadmessage\Maven_Localrepository\com\netflix\hystrix\hystrix-serialization\1.5.18\hystrix-serialization-1.5.18.jar;D:\APPDownloadmessage\Maven_Localrepository\com\fasterxml\jackson\module\jackson-module-afterburner\2.12.3\jackson-module-afterburner-2.12.3.jar;D:\APPDownloadmessage\Maven_Localrepository\com\netflix\hystrix\hystrix-metrics-event-stream\1.5.18\hystrix-metrics-event-stream-1.5.18.jar;D:\APPDownloadmessage\Maven_Localrepository\com\netflix\hystrix\hystrix-javanica\1.5.18\hystrix-javanica-1.5.18.jar;D:\APPDownloadmessage\Maven_Localrepository\org\ow2\asm\asm\5.0.4\asm-5.0.4.jar;D:\APPDownloadmessage\Maven_Localrepository\io\reactivex\rxjava-reactive-streams\1.2.1\rxjava-reactive-streams-1.2.1.jar;D:\APPDownloadmessage\Maven_Localrepository\org\reactivestreams\reactive-streams\1.0.3\reactive-streams-1.0.3.jar;"/>
    <property name="sun.cpu.endian" value="little"/>
    <property name="user.home" value="C:\Users\Amber"/>
    <property name="user.language" value="zh"/>
    <property name="java.specification.vendor" value="Oracle Corporation"/>
    <property name="java.home" value="D:\APPDownloadmessage\JAVA\JAVA8Resource\jre"/>
    <property name="basedir" value="E:\APPDownload\Java\xiangmu\Imitation B station\Project\imitation-bilibili\imitation-bilibili-service"/>
    <property name="file.separator" value="\"/>
    <property name="line.separator" value="&#10;"/>
    <property name="java.vm.specification.vendor" value="Oracle Corporation"/>
    <property name="java.specification.name" value="Java Platform API Specification"/>
    <property name="java.awt.graphicsenv" value="sun.awt.Win32GraphicsEnvironment"/>
    <property name="surefire.real.class.path" value="C:\Users\Amber\AppData\Local\Temp\surefire1010065517867121888\surefirebooter4534101242947374834.jar"/>
    <property name="sun.boot.class.path" value="D:\APPDownloadmessage\JAVA\JAVA8Resource\jre\lib\resources.jar;D:\APPDownloadmessage\JAVA\JAVA8Resource\jre\lib\rt.jar;D:\APPDownloadmessage\JAVA\JAVA8Resource\jre\lib\sunrsasign.jar;D:\APPDownloadmessage\JAVA\JAVA8Resource\jre\lib\jsse.jar;D:\APPDownloadmessage\JAVA\JAVA8Resource\jre\lib\jce.jar;D:\APPDownloadmessage\JAVA\JAVA8Resource\jre\lib\charsets.jar;D:\APPDownloadmessage\JAVA\JAVA8Resource\jre\lib\jfr.jar;D:\APPDownloadmessage\JAVA\JAVA8Resource\jre\classes"/>
    <property name="user.script" value=""/>
    <property name="sun.management.compiler" value="HotSpot 64-Bit Tiered Compilers"/>
    <property name="java.runtime.version" value="1.8.0_201-b09"/>
    <property name="user.name" value="Amber"/>
    <property name="path.separator" value=";"/>
    <property name="os.version" value="10.0"/>
    <property name="java.endorsed.dirs" value="D:\APPDownloadmessage\JAVA\JAVA8Resource\jre\lib\endorsed"/>
    <property name="java.runtime.name" value="Java(TM) SE Runtime Environment"/>
    <property name="file.encoding" value="GBK"/>
    <property name="java.vm.name" value="Java HotSpot(TM) 64-Bit Server VM"/>
    <property name="localRepository" value="D:\APPDownloadmessage\Maven_Localrepository"/>
    <property name="java.vendor.url.bug" value="http://bugreport.sun.com/bugreport/"/>
    <property name="java.io.tmpdir" value="C:\Users\Amber\AppData\Local\Temp\"/>
    <property name="idea.version" value="2021.1.3"/>
    <property name="java.version" value="1.8.0_201"/>
    <property name="user.dir" value="E:\APPDownload\Java\xiangmu\Imitation B station\Project\imitation-bilibili\imitation-bilibili-service"/>
    <property name="os.arch" value="amd64"/>
    <property name="java.vm.specification.name" value="Java Virtual Machine Specification"/>
    <property name="java.awt.printerjob" value="sun.awt.windows.WPrinterJob"/>
    <property name="sun.os.patch.level" value=""/>
    <property name="java.library.path" value="D:\APPDownloadmessage\JAVA\JAVA8Resource\jre\bin;C:\Windows\Sun\Java\bin;C:\Windows\system32;C:\Windows;C:\Program Files\PlasticSCM5\server;C:\Program Files\PlasticSCM5\client;D:\Linux\tools\VMAnZhuangLocation\bin\;C:\Program Files (x86)\Common Files\Oracle\Java\javapath;D:\APPDownloadmessage\MySQL\MySQL Server 8.0\bin;D:\APPDownloadmessage\JDK\JDK8\bin;D:\APPDownloadmessage\Python\Scripts\;D:\APPDownloadmessage\Python\;C:\Program Files\NVIDIA GPU Computing Toolkit\CUDA\v11.6\bin;C:\Program Files\NVIDIA GPU Computing Toolkit\CUDA\v11.6\libnvvp;C:\Program Files\NVIDIA GPU Computing Toolkit\CUDA\v11.6\lib;C:\Program Files\NVIDIA GPU Computing Toolkit\CUDA\v11.6\include;C:\Windows\system32;C:\Windows;C:\Windows\System32\Wbem;C:\Windows\System32\WindowsPowerShell\v1.0\;C:\Windows\System32\OpenSSH\;C:\Program Files\NVIDIA Corporation\Nsight Compute 2022.1.1\;C:\Program Files (x86)\NVIDIA Corporation\PhysX\Common;C:\Program Files\NVIDIA Corporation\NVIDIA NvDLISR;D:\APPDownloadmessage\conda\Scripts;D:\APPDownloadmessage\conda\Library\bin;D:\APPDownloadmessage\conda;D:\APPDownloadmessage\Git\Git\cmd;D:\APPDownloadmessage\JDK\Maven\apache-maven-3.6.3-bin\apache-maven-3.6.3\bin;D:\Program Files\Polyspace\R2021a\runtime\win64;D:\Program Files\Polyspace\R2021a\bin;D:\Program Files\Polyspace\R2021a\polyspace\bin;D:\Linux\Xshell\;D:\Linux\XFTP\;D:\APPDownloadmessage\MinGW\x86_64-8.1.0-release-win32-seh-rt_v6-rev0\mingw64\bin;E:\APPDownload\NVM\location\nvm;E:\APPDownload\NVM\nodeLocation;E:\APPDownload\RabbitMQForWindows\erLangLocation\Erlang OTP\bin;C:\Program Files\Microsoft SQL Server\150\Tools\Binn\;D:\APPDownloadmessage\conda;D:\APPDownloadmessage\conda\Library\mingw-w64\bin;D:\APPDownloadmessage\conda\Library\usr\bin;D:\APPDownloadmessage\conda\Library\bin;D:\APPDownloadmessage\conda\Scripts;C:\Users\Amber\AppData\Local\Microsoft\WindowsApps;D:\APPDownloadmessage\Python\;D:\APPDownloadmessage\Python\Scripts\;D:\APPDownloadmessage\Pycharm\PyCharm Community Edition 2021.3.2\bin;;C:\Users\Amber/AppData/Local/Programs/jaguar;D:\APPDownloadmessage\IDEA\IntelliJ IDEA 2021.1.3\bin;;C:\Users\Amber\AppData\Roaming\npm;E:\APPDownload\NVM\location\nvm;E:\APPDownload\NVM\nodeLocation;."/>
    <property name="java.vm.info" value="mixed mode"/>
    <property name="java.vendor" value="Oracle Corporation"/>
    <property name="java.vm.version" value="25.201-b09"/>
    <property name="java.ext.dirs" value="D:\APPDownloadmessage\JAVA\JAVA8Resource\jre\lib\ext;C:\Windows\Sun\Java\lib\ext"/>
    <property name="sun.io.unicode.encoding" value="UnicodeLittle"/>
    <property name="java.class.version" value="52.0"/>
  </properties>
</testsuite>